{
  "RSpec": {
    "coverage": {
      "/home/kareem/git/chicago_ruby/hack_night/GildedRose/gilded_rose.rb": [
        1,
        1,
        1,
        1,
        1,
        1,
        null,
        1,
        null,
        1,
        null,
        1,
        null,
        1,
        11,
        11,
        11,
        11,
        11,
        11,
        11,
        null,
        null,
        1,
        null,
        11,
        null,
        null,
        null,
        null,
        null,
        null,
        null,
        null,
        null,
        null,
        null,
        null,
        null,
        null,
        null,
        null,
        null,
        null,
        null,
        null,
        null,
        null,
        null,
        null,
        null,
        null,
        null,
        null,
        null,
        null,
        null,
        null,
        null,
        null,
        null,
        null,
        null,
        null,
        null,
        null,
        null,
        null,
        null,
        null,
        null,
        null,
        null,
        null,
        null,
        null,
        null,
        null,
        null,
        null,
        null,
        null
      ],
      "/home/kareem/git/chicago_ruby/hack_night/GildedRose/item.rb": [
        1,
        null,
        1,
        null,
        1,
        89,
        89,
        89,
        null,
        null
      ],
      "/home/kareem/git/chicago_ruby/hack_night/GildedRose/items/aged_brie.rb": [
        1,
        null,
        1,
        1,
        null,
        1,
        1,
        23,
        null,
        null,
        null
      ],
      "/home/kareem/git/chicago_ruby/hack_night/GildedRose/items/regular.rb": [
        1,
        1,
        null,
        1,
        1,
        null,
        1,
        null,
        1,
        55,
        55,
        null,
        null,
        1,
        1,
        45,
        null,
        null,
        null
      ],
      "/home/kareem/git/chicago_ruby/hack_night/GildedRose/services/updateable.rb": [
        null,
        null,
        null,
        null,
        null,
        1,
        null,
        1,
        4,
        4,
        null,
        null,
        1,
        null,
        1,
        59,
        59,
        59,
        null,
        null,
        1,
        59,
        null,
        null,
        1,
        null,
        null,
        1,
        60,
        null,
        null,
        1,
        61,
        null,
        null,
        1,
        61,
        null,
        null,
        1,
        60,
        null,
        null
      ],
      "/home/kareem/git/chicago_ruby/hack_night/GildedRose/items/legendary.rb": [
        1,
        null,
        1,
        1,
        null,
        1,
        11,
        11,
        null,
        null,
        1,
        1,
        12,
        null,
        1,
        1,
        null,
        null,
        null
      ],
      "/home/kareem/git/chicago_ruby/hack_night/GildedRose/items/tickets.rb": [
        1,
        null,
        1,
        1,
        null,
        1,
        1,
        25,
        3,
        3,
        3,
        16,
        null,
        null,
        null,
        null
      ],
      "/home/kareem/git/chicago_ruby/hack_night/GildedRose/items/conjured.rb": [
        1,
        null,
        1,
        1,
        null,
        1,
        1,
        23,
        null,
        null,
        null
      ],
      "/home/kareem/git/chicago_ruby/hack_night/GildedRose/spec/support/mock_helpers.rb": [
        1,
        null,
        1,
        null,
        1,
        1,
        null,
        1,
        null,
        1,
        9,
        9,
        9,
        null,
        null,
        null
      ],
      "/home/kareem/git/chicago_ruby/hack_night/GildedRose/spec/gilded_rose_spec.rb": [
        1,
        null,
        1,
        null,
        1,
        null,
        null,
        4,
        3,
        3,
        5,
        1,
        null,
        12,
        null,
        1,
        1,
        7,
        1,
        1,
        1,
        null,
        null,
        1,
        7,
        1,
        1,
        1,
        1,
        null,
        null,
        null,
        1,
        1,
        7,
        1,
        1,
        1,
        1,
        null,
        null,
        1,
        7,
        1,
        1,
        1,
        1,
        null,
        null,
        null,
        1,
        1,
        7,
        1,
        1,
        1,
        null,
        null,
        null,
        1,
        1,
        7,
        1,
        1,
        1,
        1,
        1,
        null,
        1,
        7,
        1,
        1,
        1,
        1,
        1,
        null,
        null,
        null,
        1,
        29,
        1,
        1,
        1,
        1,
        null,
        1,
        1,
        1,
        1,
        1,
        null,
        1,
        1,
        1,
        1,
        1,
        null,
        1,
        1,
        1,
        1,
        1,
        null,
        null,
        null,
        null
      ],
      "/home/kareem/git/chicago_ruby/hack_night/GildedRose/spec/item_spec.rb": [
        1,
        null,
        1,
        1,
        1,
        2,
        1,
        1,
        null,
        null,
        1,
        2,
        1,
        1,
        null,
        null,
        1,
        2,
        1,
        1,
        null,
        null,
        null,
        null
      ],
      "/home/kareem/git/chicago_ruby/hack_night/GildedRose/spec/items/aged_brie_spec.rb": [
        1,
        null,
        1,
        1,
        1,
        1,
        1,
        null,
        null,
        null
      ],
      "/home/kareem/git/chicago_ruby/hack_night/GildedRose/spec/items/conjured_spec.rb": [
        1,
        null,
        1,
        1,
        1,
        1,
        1,
        null,
        null,
        null
      ],
      "/home/kareem/git/chicago_ruby/hack_night/GildedRose/spec/items/legendary_spec.rb": [
        1,
        null,
        1,
        1,
        1,
        1,
        1,
        null,
        null,
        1,
        1,
        1,
        1,
        null,
        null,
        null
      ],
      "/home/kareem/git/chicago_ruby/hack_night/GildedRose/spec/items/regular_spec.rb": [
        1,
        null,
        1,
        1,
        1,
        1,
        1,
        1,
        null,
        null,
        1,
        1,
        1,
        1,
        null,
        null,
        null
      ],
      "/home/kareem/git/chicago_ruby/hack_night/GildedRose/spec/items/tickets_spec.rb": [
        1,
        null,
        1,
        1,
        1,
        1,
        1,
        1,
        1,
        null,
        null,
        1,
        1,
        1,
        1,
        1,
        null,
        null,
        1,
        1,
        1,
        1,
        1,
        null,
        null,
        null,
        null
      ],
      "/home/kareem/git/chicago_ruby/hack_night/GildedRose/spec/services/updateable_spec.rb": [
        1,
        null,
        1,
        10,
        null,
        1,
        1,
        4,
        null,
        1,
        4,
        null,
        null,
        null,
        1,
        1,
        4,
        null,
        null,
        null,
        1,
        1,
        4,
        null,
        null,
        null,
        1,
        1,
        1,
        null,
        null,
        null,
        1,
        1,
        1,
        null,
        null,
        null,
        1,
        1,
        1,
        null,
        null,
        null,
        1,
        1,
        1,
        null,
        null,
        null,
        1,
        1,
        1,
        null,
        null,
        null
      ]
    },
    "timestamp": 1415899907
  }
}
